0 info it worked if it ends with ok
1 verbose cli [ 'node', '/usr/local/bin/npm', 'install', '-g', 'grunt-cli' ]
2 info using npm@1.4.28
3 info using node@v0.10.32
4 verbose cache add [ 'grunt-cli', null ]
5 verbose cache add name=undefined spec="grunt-cli" args=["grunt-cli",null]
6 verbose parsed url { protocol: null,
6 verbose parsed url   slashes: null,
6 verbose parsed url   auth: null,
6 verbose parsed url   host: null,
6 verbose parsed url   port: null,
6 verbose parsed url   hostname: null,
6 verbose parsed url   hash: null,
6 verbose parsed url   search: null,
6 verbose parsed url   query: null,
6 verbose parsed url   pathname: 'grunt-cli',
6 verbose parsed url   path: 'grunt-cli',
6 verbose parsed url   href: 'grunt-cli' }
7 silly lockFile 671ef8ac-grunt-cli grunt-cli
8 verbose lock grunt-cli /Users/jennifermaryjacobs/.npm/671ef8ac-grunt-cli.lock
9 silly lockFile 671ef8ac-grunt-cli grunt-cli
10 silly lockFile 671ef8ac-grunt-cli grunt-cli
11 verbose addNamed [ 'grunt-cli', '' ]
12 verbose addNamed [ null, '*' ]
13 silly lockFile d63f3d0b-grunt-cli grunt-cli@
14 verbose lock grunt-cli@ /Users/jennifermaryjacobs/.npm/d63f3d0b-grunt-cli.lock
15 silly addNameRange { name: 'grunt-cli', range: '*', hasData: false }
16 verbose request where is /grunt-cli
17 verbose request registry https://registry.npmjs.org/
18 verbose request id 2089e8f73d8565a8
19 verbose url raw /grunt-cli
20 verbose url resolving [ 'https://registry.npmjs.org/', './grunt-cli' ]
21 verbose url resolved https://registry.npmjs.org/grunt-cli
22 verbose request where is https://registry.npmjs.org/grunt-cli
23 info trying registry request attempt 1 at 13:36:31
24 http GET https://registry.npmjs.org/grunt-cli
25 http 200 https://registry.npmjs.org/grunt-cli
26 silly registry.get cb [ 200,
26 silly registry.get   { date: 'Wed, 29 Oct 2014 17:36:27 GMT',
26 silly registry.get     server: 'CouchDB/1.5.0 (Erlang OTP/R16B03)',
26 silly registry.get     etag: '"42HXSJEDKXE3E77LORJEEZN7I"',
26 silly registry.get     'content-type': 'application/json',
26 silly registry.get     'cache-control': 'max-age=60',
26 silly registry.get     'content-length': '19941',
26 silly registry.get     'accept-ranges': 'bytes',
26 silly registry.get     via: '1.1 varnish',
26 silly registry.get     age: '18',
26 silly registry.get     'x-served-by': 'cache-atl6225-ATL',
26 silly registry.get     'x-cache': 'HIT',
26 silly registry.get     'x-cache-hits': '1',
26 silly registry.get     'x-timer': 'S1414604187.875430,VS0,VE1',
26 silly registry.get     vary: 'Accept',
26 silly registry.get     'keep-alive': 'timeout=10, max=50',
26 silly registry.get     connection: 'Keep-Alive' } ]
27 silly addNameRange number 2 { name: 'grunt-cli', range: '*', hasData: true }
28 silly addNameRange versions [ 'grunt-cli',
28 silly addNameRange   [ '0.1.0',
28 silly addNameRange     '0.1.1',
28 silly addNameRange     '0.1.2',
28 silly addNameRange     '0.1.3',
28 silly addNameRange     '0.1.4',
28 silly addNameRange     '0.1.5',
28 silly addNameRange     '0.1.6',
28 silly addNameRange     '0.1.7',
28 silly addNameRange     '0.1.8',
28 silly addNameRange     '0.1.9',
28 silly addNameRange     '0.1.10',
28 silly addNameRange     '0.1.11',
28 silly addNameRange     '0.1.12',
28 silly addNameRange     '0.1.13' ] ]
29 verbose addNamed [ 'grunt-cli', '0.1.13' ]
30 verbose addNamed [ '0.1.13', '0.1.13' ]
31 silly lockFile 28997503-grunt-cli-0-1-13 grunt-cli@0.1.13
32 verbose lock grunt-cli@0.1.13 /Users/jennifermaryjacobs/.npm/28997503-grunt-cli-0-1-13.lock
33 silly lockFile ab76c46e-g-grunt-cli-grunt-cli-0-1-13-tgz https://registry.npmjs.org/grunt-cli/-/grunt-cli-0.1.13.tgz
34 verbose lock https://registry.npmjs.org/grunt-cli/-/grunt-cli-0.1.13.tgz /Users/jennifermaryjacobs/.npm/ab76c46e-g-grunt-cli-grunt-cli-0-1-13-tgz.lock
35 verbose addRemoteTarball [ 'https://registry.npmjs.org/grunt-cli/-/grunt-cli-0.1.13.tgz',
35 verbose addRemoteTarball   'e9ebc4047631f5012d922770c39378133cad10f4' ]
36 info retry fetch attempt 1 at 13:36:32
37 verbose fetch to= /var/folders/q0/kbkddsss4jj0c926yp49n9gc0000gn/T/npm-4508-l90NCYN4/registry.npmjs.org/grunt-cli/-/grunt-cli-0.1.13.tgz
38 http GET https://registry.npmjs.org/grunt-cli/-/grunt-cli-0.1.13.tgz
39 http 200 https://registry.npmjs.org/grunt-cli/-/grunt-cli-0.1.13.tgz
40 silly lockFile ab76c46e-g-grunt-cli-grunt-cli-0-1-13-tgz https://registry.npmjs.org/grunt-cli/-/grunt-cli-0.1.13.tgz
41 silly lockFile ab76c46e-g-grunt-cli-grunt-cli-0-1-13-tgz https://registry.npmjs.org/grunt-cli/-/grunt-cli-0.1.13.tgz
42 silly lockFile 28997503-grunt-cli-0-1-13 grunt-cli@0.1.13
43 silly lockFile 28997503-grunt-cli-0-1-13 grunt-cli@0.1.13
44 silly lockFile d63f3d0b-grunt-cli grunt-cli@
45 silly lockFile d63f3d0b-grunt-cli grunt-cli@
46 silly resolved [ { name: 'grunt-cli',
46 silly resolved     description: 'The grunt command line interface.',
46 silly resolved     version: '0.1.13',
46 silly resolved     author: { name: 'Grunt Team' },
46 silly resolved     homepage: 'http://gruntjs.com/',
46 silly resolved     repository: { type: 'git', url: 'git://github.com/gruntjs/grunt-cli.git' },
46 silly resolved     bugs: { url: 'http://github.com/gruntjs/grunt-cli/issues' },
46 silly resolved     licenses: [ [Object] ],
46 silly resolved     bin: { grunt: 'bin/grunt' },
46 silly resolved     engines: { node: '>= 0.8.0' },
46 silly resolved     scripts: { test: 'node bin/grunt test' },
46 silly resolved     preferGlobal: true,
46 silly resolved     dependencies: { nopt: '~1.0.10', 'findup-sync': '~0.1.0', resolve: '~0.3.1' },
46 silly resolved     devDependencies: { grunt: '~0.4.0', 'grunt-contrib-jshint': '~0.2.0' },
46 silly resolved     contributors: [ [Object], [Object], [Object], [Object] ],
46 silly resolved     _id: 'grunt-cli@0.1.13',
46 silly resolved     dist:
46 silly resolved      { shasum: 'e9ebc4047631f5012d922770c39378133cad10f4',
46 silly resolved        tarball: 'http://registry.npmjs.org/grunt-cli/-/grunt-cli-0.1.13.tgz' },
46 silly resolved     _from: 'grunt-cli@',
46 silly resolved     _npmVersion: '1.3.24',
46 silly resolved     _npmUser: { name: 'tkellen', email: 'tyler@sleekcode.net' },
46 silly resolved     maintainers: [ [Object] ],
46 silly resolved     directories: {},
46 silly resolved     _shasum: 'e9ebc4047631f5012d922770c39378133cad10f4',
46 silly resolved     _resolved: 'https://registry.npmjs.org/grunt-cli/-/grunt-cli-0.1.13.tgz' } ]
47 info install grunt-cli@0.1.13 into /usr/local/lib
48 info installOne grunt-cli@0.1.13
49 verbose lib/node_modules/grunt-cli unbuild
50 verbose tar unpack /Users/jennifermaryjacobs/.npm/grunt-cli/0.1.13/package.tgz
51 silly lockFile 466968dc-local-lib-node-modules-grunt-cli tar:///usr/local/lib/node_modules/grunt-cli
52 verbose lock tar:///usr/local/lib/node_modules/grunt-cli /Users/jennifermaryjacobs/.npm/466968dc-local-lib-node-modules-grunt-cli.lock
53 silly lockFile b4d75c97-npm-grunt-cli-0-1-13-package-tgz tar:///Users/jennifermaryjacobs/.npm/grunt-cli/0.1.13/package.tgz
54 verbose lock tar:///Users/jennifermaryjacobs/.npm/grunt-cli/0.1.13/package.tgz /Users/jennifermaryjacobs/.npm/b4d75c97-npm-grunt-cli-0-1-13-package-tgz.lock
55 silly gunzTarPerm modes [ '755', '644' ]
56 error Error: EACCES, mkdir '/usr/local/lib/node_modules/grunt-cli'
56 error  { [Error: EACCES, mkdir '/usr/local/lib/node_modules/grunt-cli']
56 error   errno: 3,
56 error   code: 'EACCES',
56 error   path: '/usr/local/lib/node_modules/grunt-cli',
56 error   fstream_type: 'Directory',
56 error   fstream_path: '/usr/local/lib/node_modules/grunt-cli',
56 error   fstream_class: 'DirWriter',
56 error   fstream_stack:
56 error    [ '/usr/local/lib/node_modules/npm/node_modules/fstream/lib/dir-writer.js:36:23',
56 error      '/usr/local/lib/node_modules/npm/node_modules/mkdirp/index.js:46:53',
56 error      'Object.oncomplete (fs.js:107:15)' ] }
57 error Please try running this command again as root/Administrator.
58 error System Darwin 14.0.0
59 error command "node" "/usr/local/bin/npm" "install" "-g" "grunt-cli"
60 error cwd /Users/jennifermaryjacobs/Documents/work/code/para
61 error node -v v0.10.32
62 error npm -v 1.4.28
63 error path /usr/local/lib/node_modules/grunt-cli
64 error fstream_path /usr/local/lib/node_modules/grunt-cli
65 error fstream_type Directory
66 error fstream_class DirWriter
67 error code EACCES
68 error errno 3
69 error stack Error: EACCES, mkdir '/usr/local/lib/node_modules/grunt-cli'
70 error fstream_stack /usr/local/lib/node_modules/npm/node_modules/fstream/lib/dir-writer.js:36:23
70 error fstream_stack /usr/local/lib/node_modules/npm/node_modules/mkdirp/index.js:46:53
70 error fstream_stack Object.oncomplete (fs.js:107:15)
71 verbose exit [ 3, true ]
